<?xml version="1.0" encoding="UTF-8"?>
<!-- Generated by org.testng.reporters.JUnitXMLReporter -->
<testsuite ignored="0" hostname="DESKTOP-GN463A7" failures="0" tests="4" name="Default test" time="0.112" errors="0" timestamp="2023-12-14T21:56:25 PKT">
  <testcase classname="Framework.Testing.Classn1" name="test1" time="0.021"/>
  <testcase classname="Framework.Testing.Classn1" name="test2" time="0.004"/>
  <testcase classname="Framework.Testing.Classn1" name="test3" time="0.005"/>
  <testcase classname="Framework.Testing.Classn1" name="test4" time="0.003"/>
</testsuite> <!-- Default test -->
