<?xml version="1.0" encoding="UTF-8"?>
<!-- Generated by org.testng.reporters.JUnitXMLReporter -->
<testsuite ignored="2" hostname="DESKTOP-GN463A7" failures="0" tests="2" name="Test" time="0.082" errors="0" timestamp="2023-12-14T22:04:51 PKT">
  <testcase classname="Framework.Testing.Classn1" name="test2" time="0.018"/>
  <testcase classname="Framework.Testing.Classn1" name="test3" time="0.003"/>
  <testcase classname="Framework.Testing.Classn1" name="test1" time="0.0">
    <ignored/>
  </testcase> <!-- test1 -->
  <testcase classname="Framework.Testing.Classn1" name="test4" time="0.0">
    <ignored/>
  </testcase> <!-- test4 -->
</testsuite> <!-- Test -->
