<?xml version="1.0" encoding="UTF-8"?>
<testng-results ignored="2" total="4" passed="2" failed="0" skipped="0">
  <reporter-output>
  </reporter-output>
  <suite started-at="2023-12-14T22:04:51 PKT" name="Suite" finished-at="2023-12-14T22:04:51 PKT" duration-ms="82">
    <groups>
      <group name="group2">
        <method signature="Classn1.test2()[pri:0, instance:Framework.Testing.Classn1@3f197a46]" name="test2" class="Framework.Testing.Classn1"/>
        <method signature="Classn1.test3()[pri:0, instance:Framework.Testing.Classn1@3f197a46]" name="test3" class="Framework.Testing.Classn1"/>
      </group> <!-- group2 -->
    </groups>
    <test started-at="2023-12-14T22:04:51 PKT" name="Test" finished-at="2023-12-14T22:04:51 PKT" duration-ms="82">
      <class name="Framework.Testing.Classn1">
        <test-method signature="test2()[pri:0, instance:Framework.Testing.Classn1@3f197a46]" started-at="2023-12-14T22:04:51 PKT" name="test2" finished-at="2023-12-14T22:04:51 PKT" duration-ms="18" status="PASS">
          <reporter-output>
          </reporter-output>
        </test-method> <!-- test2 -->
        <test-method signature="test3()[pri:0, instance:Framework.Testing.Classn1@3f197a46]" started-at="2023-12-14T22:04:51 PKT" name="test3" finished-at="2023-12-14T22:04:51 PKT" duration-ms="3" status="PASS">
          <reporter-output>
          </reporter-output>
        </test-method> <!-- test3 -->
      </class> <!-- Framework.Testing.Classn1 -->
    </test> <!-- Test -->
  </suite> <!-- Suite -->
</testng-results>
